六个接口给你写完了，还剩一个搜索一个“扒歌音乐榜中榜”不太好实现明天接着写，先把写完的六个告诉你：
http://sunnyradio.hfutonline.net/new/fyb_type.php 这个是工大风云榜中榜

http://sunnyradio.hfutonline.net/new/fyb_bg.php        扒歌音乐榜中榜

http://sunnyradio.hfutonline.net/new/fyb_type.php?type=1 是华语风云榜

http://sunnyradio.hfutonline.net/new/fyb_type.php?type=2 是欧美风云榜

http://sunnyradio.hfutonline.net/new/fyb_type.php?type=3 是日韩风云榜


http://sunnyradio.hfutonline.net/new/fyb_4.php 是点歌里的音乐风云榜

http://sunnyradio.hfutonline.net/new/newbage6.php 是点歌里的6个音乐心情

http://sunnyradio.hfutonline.net/new/randmusic.php 是主页午后提神歌曲推荐   (略过)

http://sunnyradio.hfutonline.net/new/newsongs.php 是音乐心情里的三个最新音乐

http://sunnyradio.hfutonline.net/new/bage45.php 是音乐心情里每页9个一共45个的最新心情。。

http://sunnyradio.hfutonline.net/new/search.php
用Post发送搜索数据，参数名是Key (暂定)


function photo()
{
    if (isset($_SESSION['uid']) && !empty($_FILES)) {
        //用户已登陆
        $tempPath = $_FILES['file']['tmp_name'];
        $filename = $_FILES['file']['name'];
        $ext = substr(strrchr($filename, '.'), 1);
        $photoInfo = $_SESSION['uid'] . '.' . $ext;
        $uploadPath = '../../upload/temp/' . $photoInfo;

        move_uploaded_file($tempPath, $uploadPath);

        $result0 = array("type" => $ext);
        $result = '{"meta": {"code": 201, "message": "上传成功"},"data": ' . json_encode($result0) . '}';
        echo $result;
    } else {

        $result = '{"meta": {"code": 202, "message": "未登录"},"data": ""}';
        echo $result;
    }
}



